<?xml version="1.0" encoding="UTF-8"?>
<!-- Generated by org.testng.reporters.JUnitReportReporter -->
<testsuite hostname="KELLGGNLPTP042" failures="0" tests="3" name="com.qa.hubspot.testpages.HomepageTest" time="13.654" errors="0" timestamp="11 Nov 2019 17:32:36 GMT" skipped="0">
  <testcase classname="com.qa.hubspot.testpages.HomepageTest" name="homepageTitleTest" time="9.790"/>
  <testcase classname="com.qa.hubspot.testpages.HomepageTest" name="headerPresent" time="2.290"/>
  <testcase classname="com.qa.hubspot.testpages.HomepageTest" name="Acountpresent" time="1.574"/>
</testsuite> <!-- com.qa.hubspot.testpages.HomepageTest -->
