<?xml version="1.0" encoding="UTF-8"?>
<!-- Generated by org.testng.reporters.JUnitReportReporter -->
<testsuite hostname="KELLGGNLPTP042" failures="0" tests="3" name="com.qa.hubspot.testpages.LoginpageTest" time="9.314" errors="0" timestamp="11 Nov 2019 10:41:48 GMT" skipped="0">
  <testcase classname="com.qa.hubspot.testpages.LoginpageTest" name="VerifyloginpagetittleTest" time="8.131"/>
  <testcase classname="com.qa.hubspot.testpages.LoginpageTest" name="VerifySignuplinkPresent" time="0.189"/>
  <testcase classname="com.qa.hubspot.testpages.LoginpageTest" name="Logincheck" time="0.994"/>
</testsuite> <!-- com.qa.hubspot.testpages.LoginpageTest -->
